f:\visual studio\c++\game programming\sdl game framework\towerdefense\intermediate\debug\vc141.pdb
f:\visual studio\c++\game programming\sdl game framework\towerdefense\intermediate\debug\vc141.idb
f:\visual studio\c++\game programming\sdl game framework\towerdefense\intermediate\debug\tilemapcomponent.obj
f:\visual studio\c++\game programming\sdl game framework\towerdefense\intermediate\debug\tile.obj
f:\visual studio\c++\game programming\sdl game framework\towerdefense\intermediate\debug\spritecomponent.obj
f:\visual studio\c++\game programming\sdl game framework\towerdefense\intermediate\debug\random.obj
f:\visual studio\c++\game programming\sdl game framework\towerdefense\intermediate\debug\navcomponent.obj
f:\visual studio\c++\game programming\sdl game framework\towerdefense\intermediate\debug\movecomponent.obj
f:\visual studio\c++\game programming\sdl game framework\towerdefense\intermediate\debug\main.obj
f:\visual studio\c++\game programming\sdl game framework\towerdefense\intermediate\debug\inputcomponent.obj
f:\visual studio\c++\game programming\sdl game framework\towerdefense\intermediate\debug\grid.obj
f:\visual studio\c++\game programming\sdl game framework\towerdefense\intermediate\debug\game.obj
f:\visual studio\c++\game programming\sdl game framework\towerdefense\intermediate\debug\component.obj
f:\visual studio\c++\game programming\sdl game framework\towerdefense\intermediate\debug\circlecomponent.obj
f:\visual studio\c++\game programming\sdl game framework\towerdefense\intermediate\debug\bgspritecomponent.obj
f:\visual studio\c++\game programming\sdl game framework\towerdefense\intermediate\debug\animspritecomponent.obj
f:\visual studio\c++\game programming\sdl game framework\towerdefense\intermediate\debug\aicomponent.obj
f:\visual studio\c++\game programming\sdl game framework\towerdefense\intermediate\debug\actor.obj
f:\visual studio\c++\game programming\sdl game framework\towerdefense\bin\debug\towerdefense.ilk
f:\visual studio\c++\game programming\sdl game framework\towerdefense\bin\debug\towerdefense.exe
f:\visual studio\c++\game programming\sdl game framework\towerdefense\bin\debug\towerdefense.pdb
f:\visual studio\c++\game programming\sdl game framework\towerdefense\intermediate\debug\towerdefense.tlog\cl.command.1.tlog
f:\visual studio\c++\game programming\sdl game framework\towerdefense\intermediate\debug\towerdefense.tlog\cl.read.1.tlog
f:\visual studio\c++\game programming\sdl game framework\towerdefense\intermediate\debug\towerdefense.tlog\cl.write.1.tlog
f:\visual studio\c++\game programming\sdl game framework\towerdefense\intermediate\debug\towerdefense.tlog\link.command.1.tlog
f:\visual studio\c++\game programming\sdl game framework\towerdefense\intermediate\debug\towerdefense.tlog\link.read.1.tlog
f:\visual studio\c++\game programming\sdl game framework\towerdefense\intermediate\debug\towerdefense.tlog\link.write.1.tlog
